<?xml version="1.0" encoding="UTF-8"?>
<!-- Generated by org.testng.reporters.JUnitReportReporter -->
<testsuite hostname="DESKTOP-FKUHHVN" failures="0" tests="1" name="orangeHRM.test.AddEmployeeTest" time="4.085" errors="0" timestamp="2024-07-13T22:51:57 IST" skipped="0">
  <testcase classname="orangeHRM.test.AddEmployeeTest" name="AddEmployee" time="4.085"/>
</testsuite> <!-- orangeHRM.test.AddEmployeeTest -->
