<?xml version="1.0" encoding="UTF-8"?>
<!-- Generated by org.testng.reporters.JUnitReportReporter -->
<testsuite hostname="DESKTOP-FKUHHVN" failures="0" tests="1" name="orangeHRM.test.LoginTest" time="5.800" errors="0" timestamp="2024-07-20T23:46:11 IST" skipped="0">
  <testcase classname="orangeHRM.test.LoginTest" name="Login" time="5.800"/>
</testsuite> <!-- orangeHRM.test.LoginTest -->
