<?xml version="1.0" encoding="UTF-8"?>
<!-- Generated by org.testng.reporters.JUnitReportReporter -->
<testsuite hostname="DESKTOP-FKUHHVN" failures="0" tests="1" name="orangeHRM.test.ApplyLeaveTest" time="4.649" errors="0" timestamp="2024-07-14T14:14:41 IST" skipped="0">
  <testcase classname="orangeHRM.test.ApplyLeaveTest" name="ApplyLeave" time="4.649"/>
</testsuite> <!-- orangeHRM.test.ApplyLeaveTest -->
